<?xml version="1.0" encoding="UTF-8"?>
<testsuites name="Regrassion multi data" time="40.144" tests="3" failures="0" errors="0">
   <testsuite name="Regrassion multi data" tests="3" failures="0" errors="0" time="40.144" timestamp="2020-09-24 09:39:12" hostname="Exord_Online - DESKTOP-2SS3IT1" id="Test Suites/Regrassion multi data">
      <properties>
         <property name="deviceName" value=""/>
         <property name="devicePlatform" value=""/>
         <property name="logFolder" value="C:\\Users\\Exord_Online\\git\\Katalon-Studio-Test\\Reports\\20200924_093908\\Regrassion multi data\\20200924_093908"/>
         <property name="logFiles" value="C:\\Users\\Exord_Online\\git\\Katalon-Studio-Test\\Reports\\20200924_093908\\Regrassion multi data\\20200924_093908\\execution0.log"/>
         <property name="attachments" value=""/>
         <property name="hostName" value="Exord_Online - DESKTOP-2SS3IT1"/>
         <property name="os" value="Windows 10 64bit"/>
         <property name="katalonVersion" value="7.7.0.205"/>
         <property name="browser" value="Chrome 85.0.4183.121"/>
         <property name="hostAddress" value="10.100.100.254"/>
         <property name="sessionId" value="0be0ef71f6d61bc117f941d3a97dc4a0"/>
         <property name="seleniumVersion" value="3.141.59"/>
         <property name="proxyInformation" value="ProxyInformation { proxyOption=NO_PROXY, proxyServerType=HTTP, username=, password=********, proxyServerAddress=, proxyServerPort=0, executionList=&quot;&quot;, isApplyToDesiredCapabilities=true }"/>
         <property name="platform" value="Windows 10"/>
      </properties>
      <testcase name="Test Cases/TestCase_008_Data_Driven_Testing" time="16.313" classname="Test Cases/TestCase_008_Data_Driven_Testing" status="PASSED">
         <system-out><![CDATA[2020-09-24 09:39:12 - [TEST_CASE][PASSED] - Test Cases/TestCase_008_Data_Driven_Testing: Test Cases/TestCase_008_Data_Driven_Testing

2020-09-24 09:39:13 - [TEST_STEP][PASSED] - openBrowser("https://opensource-demo.orangehrmlive.com/index.php/auth/validateCredentials"): Browser is opened with url: 'https://opensource-demo.orangehrmlive.com/index.php/auth/validateCredentials'

2020-09-24 09:39:13 - [MESSAGE][INFO] - Starting 'Chrome' driver

2020-09-24 09:39:13 - [MESSAGE][INFO] - Action delay is set to 0 milliseconds

2020-09-24 09:39:22 - [MESSAGE][PASSED] - Browser is opened with url: 'https://opensource-demo.orangehrmlive.com/index.php/auth/validateCredentials'

2020-09-24 09:39:22 - [TEST_STEP][PASSED] - setText(findTestObject("Object Repository/Page_OrangeHRM/input_LOGIN Panel_txtUsername"), Username): Text 'Admin' is set on object 'Object Repository/Page_OrangeHRM/input_LOGIN Panel_txtUsername'

2020-09-24 09:39:23 - [MESSAGE][PASSED] - Text 'Admin' is set on object 'Object Repository/Page_OrangeHRM/input_LOGIN Panel_txtUsername'

2020-09-24 09:39:23 - [TEST_STEP][PASSED] - setText(findTestObject("Object Repository/Page_OrangeHRM/input_Username_txtPassword"), Password): Text 'admin123' is set on object 'Object Repository/Page_OrangeHRM/input_Username_txtPassword'

2020-09-24 09:39:24 - [MESSAGE][PASSED] - Text 'admin123' is set on object 'Object Repository/Page_OrangeHRM/input_Username_txtPassword'

2020-09-24 09:39:24 - [TEST_STEP][PASSED] - click(findTestObject("Object Repository/Page_OrangeHRM/input_Password_Submit")): Object: 'Object Repository/Page_OrangeHRM/input_Password_Submit' is clicked on

2020-09-24 09:39:28 - [MESSAGE][PASSED] - Object: 'Object Repository/Page_OrangeHRM/input_Password_Submit' is clicked on]]></system-out>
         <system-err><![CDATA[]]></system-err>
      </testcase>
      <testcase name="Test Cases/TestCase_008_Data_Driven_Testing" time="11.133" classname="Test Cases/TestCase_008_Data_Driven_Testing" status="PASSED">
         <system-out><![CDATA[2020-09-24 09:39:28 - [TEST_CASE][PASSED] - Test Cases/TestCase_008_Data_Driven_Testing: Test Cases/TestCase_008_Data_Driven_Testing

2020-09-24 09:39:28 - [TEST_STEP][PASSED] - openBrowser("https://opensource-demo.orangehrmlive.com/index.php/auth/validateCredentials"): Browser is opened with url: 'https://opensource-demo.orangehrmlive.com/index.php/auth/validateCredentials'

2020-09-24 09:39:28 - [MESSAGE][WARNING] - A browser is already opened. Closing browser and opening a new one

2020-09-24 09:39:30 - [MESSAGE][INFO] - Starting 'Chrome' driver

2020-09-24 09:39:30 - [MESSAGE][INFO] - Action delay is set to 0 milliseconds

2020-09-24 09:39:37 - [MESSAGE][PASSED] - Browser is opened with url: 'https://opensource-demo.orangehrmlive.com/index.php/auth/validateCredentials'

2020-09-24 09:39:37 - [TEST_STEP][PASSED] - setText(findTestObject("Object Repository/Page_OrangeHRM/input_LOGIN Panel_txtUsername"), Username): Text 'admin' is set on object 'Object Repository/Page_OrangeHRM/input_LOGIN Panel_txtUsername'

2020-09-24 09:39:37 - [MESSAGE][PASSED] - Text 'admin' is set on object 'Object Repository/Page_OrangeHRM/input_LOGIN Panel_txtUsername'

2020-09-24 09:39:37 - [TEST_STEP][PASSED] - setText(findTestObject("Object Repository/Page_OrangeHRM/input_Username_txtPassword"), Password): Text 'Admin123' is set on object 'Object Repository/Page_OrangeHRM/input_Username_txtPassword'

2020-09-24 09:39:38 - [MESSAGE][PASSED] - Text 'Admin123' is set on object 'Object Repository/Page_OrangeHRM/input_Username_txtPassword'

2020-09-24 09:39:38 - [TEST_STEP][PASSED] - click(findTestObject("Object Repository/Page_OrangeHRM/input_Password_Submit")): Object: 'Object Repository/Page_OrangeHRM/input_Password_Submit' is clicked on

2020-09-24 09:39:40 - [MESSAGE][PASSED] - Object: 'Object Repository/Page_OrangeHRM/input_Password_Submit' is clicked on]]></system-out>
         <system-err><![CDATA[]]></system-err>
      </testcase>
      <testcase name="Test Cases/TestCase_008_Data_Driven_Testing" time="10.804" classname="Test Cases/TestCase_008_Data_Driven_Testing" status="PASSED">
         <system-out><![CDATA[2020-09-24 09:39:40 - [TEST_CASE][PASSED] - Test Cases/TestCase_008_Data_Driven_Testing: Test Cases/TestCase_008_Data_Driven_Testing

2020-09-24 09:39:40 - [TEST_STEP][PASSED] - openBrowser("https://opensource-demo.orangehrmlive.com/index.php/auth/validateCredentials"): Browser is opened with url: 'https://opensource-demo.orangehrmlive.com/index.php/auth/validateCredentials'

2020-09-24 09:39:40 - [MESSAGE][WARNING] - A browser is already opened. Closing browser and opening a new one

2020-09-24 09:39:41 - [MESSAGE][INFO] - Starting 'Chrome' driver

2020-09-24 09:39:41 - [MESSAGE][INFO] - Action delay is set to 0 milliseconds

2020-09-24 09:39:47 - [MESSAGE][PASSED] - Browser is opened with url: 'https://opensource-demo.orangehrmlive.com/index.php/auth/validateCredentials'

2020-09-24 09:39:47 - [TEST_STEP][PASSED] - setText(findTestObject("Object Repository/Page_OrangeHRM/input_LOGIN Panel_txtUsername"), Username): Text 'Admin' is set on object 'Object Repository/Page_OrangeHRM/input_LOGIN Panel_txtUsername'

2020-09-24 09:39:48 - [MESSAGE][PASSED] - Text 'Admin' is set on object 'Object Repository/Page_OrangeHRM/input_LOGIN Panel_txtUsername'

2020-09-24 09:39:48 - [TEST_STEP][PASSED] - setText(findTestObject("Object Repository/Page_OrangeHRM/input_Username_txtPassword"), Password): Text 'admin1234' is set on object 'Object Repository/Page_OrangeHRM/input_Username_txtPassword'

2020-09-24 09:39:49 - [MESSAGE][PASSED] - Text 'admin1234' is set on object 'Object Repository/Page_OrangeHRM/input_Username_txtPassword'

2020-09-24 09:39:49 - [TEST_STEP][PASSED] - click(findTestObject("Object Repository/Page_OrangeHRM/input_Password_Submit")): Object: 'Object Repository/Page_OrangeHRM/input_Password_Submit' is clicked on

2020-09-24 09:39:50 - [MESSAGE][PASSED] - Object: 'Object Repository/Page_OrangeHRM/input_Password_Submit' is clicked on]]></system-out>
         <system-err><![CDATA[]]></system-err>
      </testcase>
      <system-out><![CDATA[2020-09-24 09:39:12 - [TEST_SUITE][PASSED] - Regrassion multi data: Test Cases/TestCase_008_Data_Driven_Testing]]></system-out>
      <system-err><![CDATA[]]></system-err>
   </testsuite>
</testsuites>
